<?xml version="1.0" encoding="UTF-8"?>
<testng-results ignored="0" total="1" passed="1" failed="0" skipped="0">
  <reporter-output>
    <line>
      <![CDATA[database connected]]>
    </line>
    <line>
      <![CDATA[Test started]]>
    </line>
    <line>
      <![CDATA[Testscript pass]]>
    </line>
    <line>
      <![CDATA[database disconnected]]>
    </line>
  </reporter-output>
  <suite started-at="2022-12-02T15:20:43 IST" name="Default suite" finished-at="2022-12-02T15:21:15 IST" duration-ms="32026">
    <groups>
    </groups>
    <test started-at="2022-12-02T15:20:43 IST" name="Default test" finished-at="2022-12-02T15:21:15 IST" duration-ms="32026">
      <class name="com.Actitime.Testscript.CreateCustomer">
        <test-method is-config="true" signature="databaseconnection()[pri:0, instance:com.Actitime.Testscript.CreateCustomer@2fb3536e]" started-at="2022-12-02T15:20:43 IST" name="databaseconnection" finished-at="2022-12-02T15:20:43 IST" duration-ms="10" status="PASS">
          <reporter-output>
            <line>
              <![CDATA[database connected]]>
            </line>
          </reporter-output>
        </test-method> <!-- databaseconnection -->
        <test-method is-config="true" signature="launchbrowser()[pri:0, instance:com.Actitime.Testscript.CreateCustomer@2fb3536e]" started-at="2022-12-02T15:20:43 IST" name="launchbrowser" finished-at="2022-12-02T15:20:47 IST" duration-ms="3850" status="PASS">
          <reporter-output>
          </reporter-output>
        </test-method> <!-- launchbrowser -->
        <test-method is-config="true" signature="login()[pri:0, instance:com.Actitime.Testscript.CreateCustomer@2fb3536e]" started-at="2022-12-02T15:20:47 IST" name="login" finished-at="2022-12-02T15:20:58 IST" duration-ms="10966" status="PASS">
          <reporter-output>
          </reporter-output>
        </test-method> <!-- login -->
        <test-method signature="createcustomer()[pri:0, instance:com.Actitime.Testscript.CreateCustomer@2fb3536e]" started-at="2022-12-02T15:20:58 IST" name="createcustomer" finished-at="2022-12-02T15:21:09 IST" duration-ms="11208" status="PASS">
          <reporter-output>
            <line>
              <![CDATA[Test started]]>
            </line>
            <line>
              <![CDATA[Testscript pass]]>
            </line>
          </reporter-output>
        </test-method> <!-- createcustomer -->
        <test-method is-config="true" signature="logout()[pri:0, instance:com.Actitime.Testscript.CreateCustomer@2fb3536e]" started-at="2022-12-02T15:21:09 IST" name="logout" finished-at="2022-12-02T15:21:12 IST" duration-ms="2620" status="PASS">
          <reporter-output>
          </reporter-output>
        </test-method> <!-- logout -->
        <test-method is-config="true" signature="closebrowser()[pri:0, instance:com.Actitime.Testscript.CreateCustomer@2fb3536e]" started-at="2022-12-02T15:21:12 IST" name="closebrowser" finished-at="2022-12-02T15:21:15 IST" duration-ms="3279" status="PASS">
          <reporter-output>
          </reporter-output>
        </test-method> <!-- closebrowser -->
        <test-method is-config="true" signature="databasedisconnected()[pri:0, instance:com.Actitime.Testscript.CreateCustomer@2fb3536e]" started-at="2022-12-02T15:21:15 IST" name="databasedisconnected" finished-at="2022-12-02T15:21:15 IST" duration-ms="1" status="PASS">
          <reporter-output>
            <line>
              <![CDATA[database disconnected]]>
            </line>
          </reporter-output>
        </test-method> <!-- databasedisconnected -->
      </class> <!-- com.Actitime.Testscript.CreateCustomer -->
    </test> <!-- Default test -->
  </suite> <!-- Default suite -->
</testng-results>
